<?xml version="1.0" encoding="UTF-8"?>
<testsuite xmlns:xsi="http://www.w3.org/2001/XMLSchema-instance" xsi:noNamespaceSchemaLocation="https://maven.apache.org/surefire/maven-surefire-plugin/xsd/surefire-test-report.xsd" name="bbc.AppTest" time="0.03" tests="1" errors="0" skipped="0" failures="0">
  <properties>
    <property name="sun.desktop" value="windows"/>
    <property name="awt.toolkit" value="sun.awt.windows.WToolkit"/>
    <property name="file.encoding.pkg" value="sun.io"/>
    <property name="java.specification.version" value="1.8"/>
    <property name="sun.cpu.isalist" value="amd64"/>
    <property name="sun.jnu.encoding" value="Cp1252"/>
    <property name="java.class.path" value="C:\Users\Buaa\Documents\raf\testiranje-final\RAF-SoftwareTesting\App\app\target\test-classes;C:\Users\Buaa\Documents\raf\testiranje-final\RAF-SoftwareTesting\App\app\target\classes;C:\Users\Buaa\.m2\repository\junit\junit\4.11\junit-4.11.jar;C:\Users\Buaa\.m2\repository\org\hamcrest\hamcrest-core\1.3\hamcrest-core-1.3.jar;C:\Users\Buaa\.m2\repository\com\sparkjava\spark-core\2.7.2\spark-core-2.7.2.jar;C:\Users\Buaa\.m2\repository\org\slf4j\slf4j-api\1.7.13\slf4j-api-1.7.13.jar;C:\Users\Buaa\.m2\repository\org\eclipse\jetty\jetty-server\9.4.8.v20171121\jetty-server-9.4.8.v20171121.jar;C:\Users\Buaa\.m2\repository\javax\servlet\javax.servlet-api\3.1.0\javax.servlet-api-3.1.0.jar;C:\Users\Buaa\.m2\repository\org\eclipse\jetty\jetty-http\9.4.8.v20171121\jetty-http-9.4.8.v20171121.jar;C:\Users\Buaa\.m2\repository\org\eclipse\jetty\jetty-util\9.4.8.v20171121\jetty-util-9.4.8.v20171121.jar;C:\Users\Buaa\.m2\repository\org\eclipse\jetty\jetty-io\9.4.8.v20171121\jetty-io-9.4.8.v20171121.jar;C:\Users\Buaa\.m2\repository\org\eclipse\jetty\jetty-webapp\9.4.8.v20171121\jetty-webapp-9.4.8.v20171121.jar;C:\Users\Buaa\.m2\repository\org\eclipse\jetty\jetty-xml\9.4.8.v20171121\jetty-xml-9.4.8.v20171121.jar;C:\Users\Buaa\.m2\repository\org\eclipse\jetty\jetty-servlet\9.4.8.v20171121\jetty-servlet-9.4.8.v20171121.jar;C:\Users\Buaa\.m2\repository\org\eclipse\jetty\jetty-security\9.4.8.v20171121\jetty-security-9.4.8.v20171121.jar;C:\Users\Buaa\.m2\repository\org\eclipse\jetty\websocket\websocket-server\9.4.8.v20171121\websocket-server-9.4.8.v20171121.jar;C:\Users\Buaa\.m2\repository\org\eclipse\jetty\websocket\websocket-common\9.4.8.v20171121\websocket-common-9.4.8.v20171121.jar;C:\Users\Buaa\.m2\repository\org\eclipse\jetty\websocket\websocket-client\9.4.8.v20171121\websocket-client-9.4.8.v20171121.jar;C:\Users\Buaa\.m2\repository\org\eclipse\jetty\jetty-client\9.4.8.v20171121\jetty-client-9.4.8.v20171121.jar;C:\Users\Buaa\.m2\repository\org\eclipse\jetty\websocket\websocket-servlet\9.4.8.v20171121\websocket-servlet-9.4.8.v20171121.jar;C:\Users\Buaa\.m2\repository\org\eclipse\jetty\websocket\websocket-api\9.4.8.v20171121\websocket-api-9.4.8.v20171121.jar;C:\Users\Buaa\.m2\repository\org\slf4j\slf4j-simple\1.7.21\slf4j-simple-1.7.21.jar;"/>
    <property name="java.vm.vendor" value="Oracle Corporation"/>
    <property name="sun.arch.data.model" value="64"/>
    <property name="user.variant" value=""/>
    <property name="java.vendor.url" value="http://java.oracle.com/"/>
    <property name="user.timezone" value="Europe/Prague"/>
    <property name="java.vm.specification.version" value="1.8"/>
    <property name="os.name" value="Windows 10"/>
    <property name="user.country" value="US"/>
    <property name="sun.java.launcher" value="SUN_STANDARD"/>
    <property name="sun.boot.library.path" value="C:\Program Files\Java\jdk1.8.0_181\jre\bin"/>
    <property name="sun.java.command" value="C:\Users\Buaa\AppData\Local\Temp\surefire6066682331896804546\surefirebooter7602228924665185373.jar C:\Users\Buaa\AppData\Local\Temp\surefire6066682331896804546 2019-01-04T05-14-09_980-jvmRun1 surefire931870386956337562tmp surefire_05634850679204381096tmp"/>
    <property name="surefire.test.class.path" value="C:\Users\Buaa\Documents\raf\testiranje-final\RAF-SoftwareTesting\App\app\target\test-classes;C:\Users\Buaa\Documents\raf\testiranje-final\RAF-SoftwareTesting\App\app\target\classes;C:\Users\Buaa\.m2\repository\junit\junit\4.11\junit-4.11.jar;C:\Users\Buaa\.m2\repository\org\hamcrest\hamcrest-core\1.3\hamcrest-core-1.3.jar;C:\Users\Buaa\.m2\repository\com\sparkjava\spark-core\2.7.2\spark-core-2.7.2.jar;C:\Users\Buaa\.m2\repository\org\slf4j\slf4j-api\1.7.13\slf4j-api-1.7.13.jar;C:\Users\Buaa\.m2\repository\org\eclipse\jetty\jetty-server\9.4.8.v20171121\jetty-server-9.4.8.v20171121.jar;C:\Users\Buaa\.m2\repository\javax\servlet\javax.servlet-api\3.1.0\javax.servlet-api-3.1.0.jar;C:\Users\Buaa\.m2\repository\org\eclipse\jetty\jetty-http\9.4.8.v20171121\jetty-http-9.4.8.v20171121.jar;C:\Users\Buaa\.m2\repository\org\eclipse\jetty\jetty-util\9.4.8.v20171121\jetty-util-9.4.8.v20171121.jar;C:\Users\Buaa\.m2\repository\org\eclipse\jetty\jetty-io\9.4.8.v20171121\jetty-io-9.4.8.v20171121.jar;C:\Users\Buaa\.m2\repository\org\eclipse\jetty\jetty-webapp\9.4.8.v20171121\jetty-webapp-9.4.8.v20171121.jar;C:\Users\Buaa\.m2\repository\org\eclipse\jetty\jetty-xml\9.4.8.v20171121\jetty-xml-9.4.8.v20171121.jar;C:\Users\Buaa\.m2\repository\org\eclipse\jetty\jetty-servlet\9.4.8.v20171121\jetty-servlet-9.4.8.v20171121.jar;C:\Users\Buaa\.m2\repository\org\eclipse\jetty\jetty-security\9.4.8.v20171121\jetty-security-9.4.8.v20171121.jar;C:\Users\Buaa\.m2\repository\org\eclipse\jetty\websocket\websocket-server\9.4.8.v20171121\websocket-server-9.4.8.v20171121.jar;C:\Users\Buaa\.m2\repository\org\eclipse\jetty\websocket\websocket-common\9.4.8.v20171121\websocket-common-9.4.8.v20171121.jar;C:\Users\Buaa\.m2\repository\org\eclipse\jetty\websocket\websocket-client\9.4.8.v20171121\websocket-client-9.4.8.v20171121.jar;C:\Users\Buaa\.m2\repository\org\eclipse\jetty\jetty-client\9.4.8.v20171121\jetty-client-9.4.8.v20171121.jar;C:\Users\Buaa\.m2\repository\org\eclipse\jetty\websocket\websocket-servlet\9.4.8.v20171121\websocket-servlet-9.4.8.v20171121.jar;C:\Users\Buaa\.m2\repository\org\eclipse\jetty\websocket\websocket-api\9.4.8.v20171121\websocket-api-9.4.8.v20171121.jar;C:\Users\Buaa\.m2\repository\org\slf4j\slf4j-simple\1.7.21\slf4j-simple-1.7.21.jar;"/>
    <property name="sun.cpu.endian" value="little"/>
    <property name="user.home" value="C:\Users\Buaa"/>
    <property name="user.language" value="en"/>
    <property name="java.specification.vendor" value="Oracle Corporation"/>
    <property name="java.home" value="C:\Program Files\Java\jdk1.8.0_181\jre"/>
    <property name="basedir" value="C:\Users\Buaa\Documents\raf\testiranje-final\RAF-SoftwareTesting\App\app"/>
    <property name="file.separator" value="\"/>
    <property name="line.separator" value="&#10;"/>
    <property name="java.vm.specification.vendor" value="Oracle Corporation"/>
    <property name="java.specification.name" value="Java Platform API Specification"/>
    <property name="java.awt.graphicsenv" value="sun.awt.Win32GraphicsEnvironment"/>
    <property name="surefire.real.class.path" value="C:\Users\Buaa\AppData\Local\Temp\surefire6066682331896804546\surefirebooter7602228924665185373.jar"/>
    <property name="jdk.net.URLClassPath.disableClassPathURLCheck" value="true"/>
    <property name="sun.boot.class.path" value="C:\Program Files\Java\jdk1.8.0_181\jre\lib\resources.jar;C:\Program Files\Java\jdk1.8.0_181\jre\lib\rt.jar;C:\Program Files\Java\jdk1.8.0_181\jre\lib\sunrsasign.jar;C:\Program Files\Java\jdk1.8.0_181\jre\lib\jsse.jar;C:\Program Files\Java\jdk1.8.0_181\jre\lib\jce.jar;C:\Program Files\Java\jdk1.8.0_181\jre\lib\charsets.jar;C:\Program Files\Java\jdk1.8.0_181\jre\lib\jfr.jar;C:\Program Files\Java\jdk1.8.0_181\jre\classes"/>
    <property name="user.script" value=""/>
    <property name="sun.management.compiler" value="HotSpot 64-Bit Tiered Compilers"/>
    <property name="java.runtime.version" value="1.8.0_181-b13"/>
    <property name="user.name" value="Buaa"/>
    <property name="path.separator" value=";"/>
    <property name="os.version" value="10.0"/>
    <property name="java.endorsed.dirs" value="C:\Program Files\Java\jdk1.8.0_181\jre\lib\endorsed"/>
    <property name="java.runtime.name" value="Java(TM) SE Runtime Environment"/>
    <property name="file.encoding" value="Cp1252"/>
    <property name="java.vm.name" value="Java HotSpot(TM) 64-Bit Server VM"/>
    <property name="localRepository" value="C:\Users\Buaa\.m2\repository"/>
    <property name="java.vendor.url.bug" value="http://bugreport.sun.com/bugreport/"/>
    <property name="java.io.tmpdir" value="C:\Users\Buaa\AppData\Local\Temp\"/>
    <property name="java.version" value="1.8.0_181"/>
    <property name="user.dir" value="C:\Users\Buaa\Documents\raf\testiranje-final\RAF-SoftwareTesting\App\app"/>
    <property name="os.arch" value="amd64"/>
    <property name="java.vm.specification.name" value="Java Virtual Machine Specification"/>
    <property name="java.awt.printerjob" value="sun.awt.windows.WPrinterJob"/>
    <property name="sun.os.patch.level" value=""/>
    <property name="java.library.path" value="C:\Program Files\Java\jdk1.8.0_181\jre\bin;C:\Windows\Sun\Java\bin;C:\Windows\system32;C:\Windows;C:\Program Files\Git\mingw64\bin;C:\Program Files\Git\usr\bin;C:\Users\Buaa\bin;C:\Program Files (x86)\Common Files\Oracle\Java\javapath;C:\Program Files\Docker\Docker\Resources\bin;C:\ProgramData\Oracle\Java\javapath;C:\Program Files (x86)\Intel\iCLS Client;C:\Program Files\Intel\iCLS Client;C:\Windows\system32;C:\Windows;C:\Windows\System32\Wbem;C:\Windows\System32\WindowsPowerShell\v1.0;C:\Program Files (x86)\Intel\Intel(R) Management Engine Components\DAL;C:\Program Files\Intel\Intel(R) Management Engine Components\DAL;C:\Program Files (x86)\Intel\Intel(R) Management Engine Components\IPT;C:\Program Files\Intel\Intel(R) Management Engine Components\IPT;C:\Program Files (x86)\NVIDIA Corporation\PhysX\Common;C:\Program Files\Intel\WiFi\bin;C:\Program Files\Common Files\Intel\WirelessCommon;C:\Program Files\dotnet;C:\Program Files\Microsoft SQL Server\130\Tools\Binn;C:\xampp\php;C:\ProgramData\ComposerSetup\bin;C:\Program Files (x86)\Windows Kits\8.1\Windows Performance Toolkit;C:\Program Files\Microsoft VS Code\bin;C:\Program Files\PuTTY;C:\Program Files (x86)\dotnet;C:\ProgramData\chocolatey\bin;C:\Program Files\nodejs;C:\Program Files\Git\cmd;C:\Program Files\Git\mingw64\bin;C:\Program Files\Git\usr\bin;C:\Users\Buaa\AppData\Local\Programs\Python\Python36\Scripts;C:\Users\Buaa\AppData\Local\Programs\Python\Python36;C:\Users\Buaa\AppData\Local\Microsoft\WindowsApps;C:\Program Files\Microsoft VS Code\bin;C:\Users\Buaa\AppData\Roaming\Composer\vendor\bin;C:\Program Files (x86)\CodeBlocks\MinGW\bin;C:\Program Files\curl-7.59.0\src;C:\Users\Buaa\Documents\navuduan\bin;C:\Users\Buaa\.dotnet\tools;C:\Program Files (x86)\Nmap;C:\Users\Buaa\AppData\Roaming\npm;C:\Program Files (x86)\Graphviz2.38\bin;C:\Program Files\Java\jdk1.8.0_181\bin;C:\opt\apache-maven-3.6.0\bin;."/>
    <property name="java.vm.info" value="mixed mode"/>
    <property name="java.vendor" value="Oracle Corporation"/>
    <property name="java.vm.version" value="25.181-b13"/>
    <property name="java.ext.dirs" value="C:\Program Files\Java\jdk1.8.0_181\jre\lib\ext;C:\Windows\Sun\Java\lib\ext"/>
    <property name="sun.io.unicode.encoding" value="UnicodeLittle"/>
    <property name="java.class.version" value="52.0"/>
  </properties>
  <testcase name="shouldAnswerWithTrue" classname="bbc.AppTest" time="0.002"/>
</testsuite>